[INFO] Scanning for projects...
[INFO] ------------------------------------------------------------------------
[INFO] Reactor Build Order:
[INFO] 
[INFO] blogmvc
[INFO] blogmvc-config
[INFO] blogmvc-utils
[INFO] blogmvc-model
[INFO] blogmvc-repository
[INFO] blogmvc-service
[INFO] blogmvc-web Maven Webapp
[INFO]                                                                         
[INFO] ------------------------------------------------------------------------
[INFO] Building blogmvc 0.0.1-SNAPSHOT
[INFO] ------------------------------------------------------------------------
[INFO] 
[INFO] --- maven-install-plugin:2.4:install (default-install) @ blogmvc ---
[INFO] Installing D:\SeafileData\Seafile\JavaDev\JavaWebProject\sampleblog\blogmvc\pom.xml to C:\Users\108012516\.m2\repository\com\wheezy\blog\blogmvc\0.0.1-SNAPSHOT\blogmvc-0.0.1-SNAPSHOT.pom
[INFO]                                                                         
[INFO] ------------------------------------------------------------------------
[INFO] Building blogmvc-config 0.0.1-SNAPSHOT
[INFO] ------------------------------------------------------------------------
[INFO] 
[INFO] --- maven-resources-plugin:2.6:resources (default-resources) @ blogmvc-config ---
[INFO] Using 'UTF-8' encoding to copy filtered resources.
[INFO] Copying 9 resources
[INFO] 
[INFO] --- maven-compiler-plugin:3.3:compile (default-compile) @ blogmvc-config ---
[INFO] Nothing to compile - all classes are up to date
[INFO] 
[INFO] --- maven-resources-plugin:2.6:testResources (default-testResources) @ blogmvc-config ---
[INFO] Using 'UTF-8' encoding to copy filtered resources.
[INFO] Copying 0 resource
[INFO] 
[INFO] --- maven-compiler-plugin:3.3:testCompile (default-testCompile) @ blogmvc-config ---
[INFO] Nothing to compile - all classes are up to date
[INFO] 
[INFO] --- maven-surefire-plugin:2.12.4:test (default-test) @ blogmvc-config ---
[INFO] 
[INFO] --- maven-jar-plugin:2.4:jar (default-jar) @ blogmvc-config ---
[INFO] Building jar: D:\SeafileData\Seafile\JavaDev\JavaWebProject\sampleblog\blogmvc\blogmvc-config\target\blogmvc-config-0.0.1-SNAPSHOT-env-dev.jar
[INFO] 
[INFO] --- maven-dependency-plugin:2.10:copy-dependencies (copy-dependencies) @ blogmvc-config ---
[INFO] Copying log4j-1.2.16.jar to D:\SeafileData\Seafile\JavaDev\JavaWebProject\sampleblog\blogmvc\blogmvc-config\target\lib\log4j-1.2.16.jar
[INFO] 
[INFO] --- maven-assembly-plugin:2.6:single (make shared resources) @ blogmvc-config ---
[INFO] Reading assembly descriptor: src/main/assembly/resources.xml
[ERROR] OS=Windows and the assembly descriptor contains a *nix-specific root-relative-reference (starting with slash) /
[ERROR] OS=Windows and the assembly descriptor contains a *nix-specific root-relative-reference (starting with slash) /lib
[ERROR] OS=Windows and the assembly descriptor contains a *nix-specific root-relative-reference (starting with slash) /bin
[ERROR] OS=Windows and the assembly descriptor contains a *nix-specific root-relative-reference (starting with slash) /config
[ERROR] OS=Windows and the assembly descriptor contains a *nix-specific root-relative-reference (starting with slash) /filters
[ERROR] OS=Windows and the assembly descriptor contains a *nix-specific root-relative-reference (starting with slash) /webapp
[ERROR] OS=Windows and the assembly descriptor contains a *nix-specific root-relative-reference (starting with slash) /template
[ERROR] OS=Windows and the assembly descriptor contains a *nix-specific root-relative-reference (starting with slash) /restful
[INFO] Building zip: D:\SeafileData\Seafile\JavaDev\JavaWebProject\sampleblog\blogmvc\blogmvc-config\target\blogmvc-config-0.0.1-SNAPSHOT-env-dev-resources.zip
[INFO] Building jar: D:\SeafileData\Seafile\JavaDev\JavaWebProject\sampleblog\blogmvc\blogmvc-config\target\blogmvc-config-0.0.1-SNAPSHOT-env-dev-jar-with-dependencies.jar
[INFO] 
[INFO] --- maven-install-plugin:2.4:install (default-install) @ blogmvc-config ---
[INFO] Installing D:\SeafileData\Seafile\JavaDev\JavaWebProject\sampleblog\blogmvc\blogmvc-config\target\blogmvc-config-0.0.1-SNAPSHOT-env-dev.jar to C:\Users\108012516\.m2\repository\com\wheezy\blog\blogmvc-config\0.0.1-SNAPSHOT\blogmvc-config-0.0.1-SNAPSHOT.jar
[INFO] Installing D:\SeafileData\Seafile\JavaDev\JavaWebProject\sampleblog\blogmvc\blogmvc-config\pom.xml to C:\Users\108012516\.m2\repository\com\wheezy\blog\blogmvc-config\0.0.1-SNAPSHOT\blogmvc-config-0.0.1-SNAPSHOT.pom
[INFO] Installing D:\SeafileData\Seafile\JavaDev\JavaWebProject\sampleblog\blogmvc\blogmvc-config\target\blogmvc-config-0.0.1-SNAPSHOT-env-dev-resources.zip to C:\Users\108012516\.m2\repository\com\wheezy\blog\blogmvc-config\0.0.1-SNAPSHOT\blogmvc-config-0.0.1-SNAPSHOT-resources.zip
[INFO] Installing D:\SeafileData\Seafile\JavaDev\JavaWebProject\sampleblog\blogmvc\blogmvc-config\target\blogmvc-config-0.0.1-SNAPSHOT-env-dev-jar-with-dependencies.jar to C:\Users\108012516\.m2\repository\com\wheezy\blog\blogmvc-config\0.0.1-SNAPSHOT\blogmvc-config-0.0.1-SNAPSHOT-jar-with-dependencies.jar
[INFO]                                                                         
[INFO] ------------------------------------------------------------------------
[INFO] Building blogmvc-utils 0.0.1-SNAPSHOT
[INFO] ------------------------------------------------------------------------
[INFO] 
[INFO] --- maven-resources-plugin:2.6:resources (default-resources) @ blogmvc-utils ---
[INFO] Using 'UTF-8' encoding to copy filtered resources.
[INFO] Copying 0 resource
[INFO] 
[INFO] --- maven-compiler-plugin:3.3:compile (default-compile) @ blogmvc-utils ---
[INFO] Changes detected - recompiling the module!
[INFO] Compiling 1 source file to D:\SeafileData\Seafile\JavaDev\JavaWebProject\sampleblog\blogmvc\blogmvc-utils\target\classes
[INFO] 
[INFO] --- maven-resources-plugin:2.6:testResources (default-testResources) @ blogmvc-utils ---
[INFO] Using 'UTF-8' encoding to copy filtered resources.
[INFO] Copying 0 resource
[INFO] 
[INFO] --- maven-compiler-plugin:3.3:testCompile (default-testCompile) @ blogmvc-utils ---
[INFO] Changes detected - recompiling the module!
[INFO] Compiling 1 source file to D:\SeafileData\Seafile\JavaDev\JavaWebProject\sampleblog\blogmvc\blogmvc-utils\target\test-classes
[INFO] 
[INFO] --- maven-surefire-plugin:2.12.4:test (default-test) @ blogmvc-utils ---
[INFO] Surefire report directory: D:\SeafileData\Seafile\JavaDev\JavaWebProject\sampleblog\blogmvc\blogmvc-utils\target\surefire-reports

-------------------------------------------------------
 T E S T S
-------------------------------------------------------
Running com.wheezy.blogmvc.utils.DateUtilTest
Tests run: 1, Failures: 0, Errors: 0, Skipped: 0, Time elapsed: 0.14 sec

Results :

Tests run: 1, Failures: 0, Errors: 0, Skipped: 0

[INFO] 
[INFO] --- maven-jar-plugin:2.4:jar (default-jar) @ blogmvc-utils ---
[INFO] Building jar: D:\SeafileData\Seafile\JavaDev\JavaWebProject\sampleblog\blogmvc\blogmvc-utils\target\blogmvc-utils-0.0.1-SNAPSHOT-env-dev.jar
[INFO] 
[INFO] --- maven-install-plugin:2.4:install (default-install) @ blogmvc-utils ---
[INFO] Installing D:\SeafileData\Seafile\JavaDev\JavaWebProject\sampleblog\blogmvc\blogmvc-utils\target\blogmvc-utils-0.0.1-SNAPSHOT-env-dev.jar to C:\Users\108012516\.m2\repository\com\wheezy\blog\blogmvc-utils\0.0.1-SNAPSHOT\blogmvc-utils-0.0.1-SNAPSHOT.jar
[INFO] Installing D:\SeafileData\Seafile\JavaDev\JavaWebProject\sampleblog\blogmvc\blogmvc-utils\pom.xml to C:\Users\108012516\.m2\repository\com\wheezy\blog\blogmvc-utils\0.0.1-SNAPSHOT\blogmvc-utils-0.0.1-SNAPSHOT.pom
[INFO]                                                                         
[INFO] ------------------------------------------------------------------------
[INFO] Building blogmvc-model 0.0.1-SNAPSHOT
[INFO] ------------------------------------------------------------------------
[INFO] 
[INFO] --- maven-resources-plugin:2.6:resources (default-resources) @ blogmvc-model ---
[INFO] Using 'UTF-8' encoding to copy filtered resources.
[INFO] skip non existing resourceDirectory D:\SeafileData\Seafile\JavaDev\JavaWebProject\sampleblog\blogmvc\blogmvc-model\src\main\resources
[INFO] 
[INFO] --- maven-compiler-plugin:3.3:compile (default-compile) @ blogmvc-model ---
[INFO] Changes detected - recompiling the module!
[INFO] Compiling 8 source files to D:\SeafileData\Seafile\JavaDev\JavaWebProject\sampleblog\blogmvc\blogmvc-model\target\classes
[INFO] 
[INFO] --- maven-resources-plugin:2.6:testResources (default-testResources) @ blogmvc-model ---
[INFO] Using 'UTF-8' encoding to copy filtered resources.
[INFO] skip non existing resourceDirectory D:\SeafileData\Seafile\JavaDev\JavaWebProject\sampleblog\blogmvc\blogmvc-model\src\test\resources
[INFO] 
[INFO] --- maven-compiler-plugin:3.3:testCompile (default-testCompile) @ blogmvc-model ---
[INFO] Changes detected - recompiling the module!
[INFO] Compiling 1 source file to D:\SeafileData\Seafile\JavaDev\JavaWebProject\sampleblog\blogmvc\blogmvc-model\target\test-classes
[INFO] 
[INFO] --- maven-surefire-plugin:2.12.4:test (default-test) @ blogmvc-model ---
[INFO] Surefire report directory: D:\SeafileData\Seafile\JavaDev\JavaWebProject\sampleblog\blogmvc\blogmvc-model\target\surefire-reports

-------------------------------------------------------
 T E S T S
-------------------------------------------------------
Running com.wheezy.blogmvc.model.AppTest
Tests run: 1, Failures: 0, Errors: 0, Skipped: 0, Time elapsed: 0.078 sec

Results :

Tests run: 1, Failures: 0, Errors: 0, Skipped: 0

[INFO] 
[INFO] --- maven-jar-plugin:2.4:jar (default-jar) @ blogmvc-model ---
[INFO] Building jar: D:\SeafileData\Seafile\JavaDev\JavaWebProject\sampleblog\blogmvc\blogmvc-model\target\blogmvc-model-0.0.1-SNAPSHOT-env-dev.jar
[INFO] 
[INFO] --- maven-install-plugin:2.4:install (default-install) @ blogmvc-model ---
[INFO] Installing D:\SeafileData\Seafile\JavaDev\JavaWebProject\sampleblog\blogmvc\blogmvc-model\target\blogmvc-model-0.0.1-SNAPSHOT-env-dev.jar to C:\Users\108012516\.m2\repository\com\wheezy\blog\blogmvc-model\0.0.1-SNAPSHOT\blogmvc-model-0.0.1-SNAPSHOT.jar
[INFO] Installing D:\SeafileData\Seafile\JavaDev\JavaWebProject\sampleblog\blogmvc\blogmvc-model\pom.xml to C:\Users\108012516\.m2\repository\com\wheezy\blog\blogmvc-model\0.0.1-SNAPSHOT\blogmvc-model-0.0.1-SNAPSHOT.pom
[INFO]                                                                         
[INFO] ------------------------------------------------------------------------
[INFO] Building blogmvc-repository 0.0.1-SNAPSHOT
[INFO] ------------------------------------------------------------------------
[INFO] 
[INFO] --- maven-resources-plugin:2.6:resources (default-resources) @ blogmvc-repository ---
[INFO] Using 'UTF-8' encoding to copy filtered resources.
[INFO] Copying 0 resource
[INFO] 
[INFO] --- maven-compiler-plugin:3.3:compile (default-compile) @ blogmvc-repository ---
[INFO] Changes detected - recompiling the module!
[INFO] Compiling 4 source files to D:\SeafileData\Seafile\JavaDev\JavaWebProject\sampleblog\blogmvc\blogmvc-repository\target\classes
[INFO] 
[INFO] --- maven-resources-plugin:2.6:testResources (default-testResources) @ blogmvc-repository ---
[INFO] Using 'UTF-8' encoding to copy filtered resources.
[INFO] Copying 0 resource
[INFO] 
[INFO] --- maven-compiler-plugin:3.3:testCompile (default-testCompile) @ blogmvc-repository ---
[INFO] Nothing to compile - all classes are up to date
[INFO] 
[INFO] --- maven-surefire-plugin:2.12.4:test (default-test) @ blogmvc-repository ---
[INFO] 
[INFO] --- maven-jar-plugin:2.4:jar (default-jar) @ blogmvc-repository ---
[INFO] Building jar: D:\SeafileData\Seafile\JavaDev\JavaWebProject\sampleblog\blogmvc\blogmvc-repository\target\blogmvc-repository-0.0.1-SNAPSHOT-env-dev.jar
[INFO] 
[INFO] --- maven-install-plugin:2.4:install (default-install) @ blogmvc-repository ---
[INFO] Installing D:\SeafileData\Seafile\JavaDev\JavaWebProject\sampleblog\blogmvc\blogmvc-repository\target\blogmvc-repository-0.0.1-SNAPSHOT-env-dev.jar to C:\Users\108012516\.m2\repository\com\wheezy\blog\blogmvc-repository\0.0.1-SNAPSHOT\blogmvc-repository-0.0.1-SNAPSHOT.jar
[INFO] Installing D:\SeafileData\Seafile\JavaDev\JavaWebProject\sampleblog\blogmvc\blogmvc-repository\pom.xml to C:\Users\108012516\.m2\repository\com\wheezy\blog\blogmvc-repository\0.0.1-SNAPSHOT\blogmvc-repository-0.0.1-SNAPSHOT.pom
[INFO]                                                                         
[INFO] ------------------------------------------------------------------------
[INFO] Building blogmvc-service 0.0.1-SNAPSHOT
[INFO] ------------------------------------------------------------------------
[INFO] 
[INFO] --- maven-resources-plugin:2.6:resources (default-resources) @ blogmvc-service ---
[INFO] Using 'UTF-8' encoding to copy filtered resources.
[INFO] skip non existing resourceDirectory D:\SeafileData\Seafile\JavaDev\JavaWebProject\sampleblog\blogmvc\blogmvc-service\src\main\resources
[INFO] 
[INFO] --- maven-compiler-plugin:3.3:compile (default-compile) @ blogmvc-service ---
[INFO] Changes detected - recompiling the module!
[INFO] Compiling 2 source files to D:\SeafileData\Seafile\JavaDev\JavaWebProject\sampleblog\blogmvc\blogmvc-service\target\classes
[INFO] 
[INFO] --- maven-resources-plugin:2.6:testResources (default-testResources) @ blogmvc-service ---
[INFO] Using 'UTF-8' encoding to copy filtered resources.
[INFO] skip non existing resourceDirectory D:\SeafileData\Seafile\JavaDev\JavaWebProject\sampleblog\blogmvc\blogmvc-service\src\test\resources
[INFO] 
[INFO] --- maven-compiler-plugin:3.3:testCompile (default-testCompile) @ blogmvc-service ---
[INFO] Changes detected - recompiling the module!
[INFO] Compiling 1 source file to D:\SeafileData\Seafile\JavaDev\JavaWebProject\sampleblog\blogmvc\blogmvc-service\target\test-classes
[INFO] 
[INFO] --- maven-surefire-plugin:2.12.4:test (default-test) @ blogmvc-service ---
[INFO] Surefire report directory: D:\SeafileData\Seafile\JavaDev\JavaWebProject\sampleblog\blogmvc\blogmvc-service\target\surefire-reports

-------------------------------------------------------
 T E S T S
-------------------------------------------------------
Running com.wheezy.blogmvc.service.AppTest
Tests run: 1, Failures: 0, Errors: 0, Skipped: 0, Time elapsed: 0.063 sec

Results :

Tests run: 1, Failures: 0, Errors: 0, Skipped: 0

[INFO] 
[INFO] --- maven-jar-plugin:2.4:jar (default-jar) @ blogmvc-service ---
[INFO] Building jar: D:\SeafileData\Seafile\JavaDev\JavaWebProject\sampleblog\blogmvc\blogmvc-service\target\blogmvc-service-0.0.1-SNAPSHOT-env-dev.jar
[INFO] 
[INFO] --- maven-install-plugin:2.4:install (default-install) @ blogmvc-service ---
[INFO] Installing D:\SeafileData\Seafile\JavaDev\JavaWebProject\sampleblog\blogmvc\blogmvc-service\target\blogmvc-service-0.0.1-SNAPSHOT-env-dev.jar to C:\Users\108012516\.m2\repository\com\wheezy\blog\blogmvc-service\0.0.1-SNAPSHOT\blogmvc-service-0.0.1-SNAPSHOT.jar
[INFO] Installing D:\SeafileData\Seafile\JavaDev\JavaWebProject\sampleblog\blogmvc\blogmvc-service\pom.xml to C:\Users\108012516\.m2\repository\com\wheezy\blog\blogmvc-service\0.0.1-SNAPSHOT\blogmvc-service-0.0.1-SNAPSHOT.pom
[INFO]                                                                         
[INFO] ------------------------------------------------------------------------
[INFO] Building blogmvc-web Maven Webapp 0.0.1-SNAPSHOT
[INFO] ------------------------------------------------------------------------
[INFO] 
[INFO] --- maven-dependency-plugin:2.10:unpack (unpack-config) @ blogmvc-web ---
[INFO] Configured Artifact: com.wheezy.blog:blogmvc-config:resources:?:zip
[INFO] Unpacking D:\SeafileData\Seafile\JavaDev\JavaWebProject\sampleblog\blogmvc\blogmvc-config\target\blogmvc-config-0.0.1-SNAPSHOT-env-dev-resources.zip to D:\SeafileData\Seafile\JavaDev\JavaWebProject\sampleblog\blogmvc\blogmvc-web\target\blogmvc-web-0.0.1-SNAPSHOT-env-dev\WEB-INF\classes with includes "" and excludes ""
[INFO] 
[INFO] --- maven-resources-plugin:2.6:resources (default-resources) @ blogmvc-web ---
[INFO] Using 'UTF-8' encoding to copy filtered resources.
[INFO] Copying 3 resources
[INFO] 
[INFO] --- maven-compiler-plugin:3.3:compile (default-compile) @ blogmvc-web ---
[INFO] Changes detected - recompiling the module!
[INFO] Compiling 3 source files to D:\SeafileData\Seafile\JavaDev\JavaWebProject\sampleblog\blogmvc\blogmvc-web\target\classes
[INFO] 
[INFO] --- maven-resources-plugin:2.6:testResources (default-testResources) @ blogmvc-web ---
[INFO] Using 'UTF-8' encoding to copy filtered resources.
[INFO] skip non existing resourceDirectory D:\SeafileData\Seafile\JavaDev\JavaWebProject\sampleblog\blogmvc\blogmvc-web\src\test\resources
[INFO] 
[INFO] --- maven-compiler-plugin:3.3:testCompile (default-testCompile) @ blogmvc-web ---
[INFO] No sources to compile
[INFO] 
[INFO] --- maven-surefire-plugin:2.12.4:test (default-test) @ blogmvc-web ---
[INFO] No tests to run.
[INFO] 
[INFO] --- maven-war-plugin:2.1.1:war (default-war) @ blogmvc-web ---
[INFO] Packaging webapp
[INFO] Assembling webapp [blogmvc-web] in [D:\SeafileData\Seafile\JavaDev\JavaWebProject\sampleblog\blogmvc\blogmvc-web\target\blogmvc-web-0.0.1-SNAPSHOT-env-dev]
[INFO] Processing war project
[INFO] Copying webapp resources [D:\SeafileData\Seafile\JavaDev\JavaWebProject\sampleblog\blogmvc\blogmvc-web\src\main\webapp]
[INFO] Webapp assembled in [30970 msecs]
[INFO] Building war: D:\SeafileData\Seafile\JavaDev\JavaWebProject\sampleblog\blogmvc\blogmvc-web\target\blogmvc-web-0.0.1-SNAPSHOT-env-dev.war
[WARNING] Warning: selected war files include a WEB-INF/web.xml which will be ignored 
(webxml attribute is missing from war task, or ignoreWebxml attribute is specified as 'true')
[INFO] 
[INFO] --- maven-install-plugin:2.4:install (default-install) @ blogmvc-web ---
[INFO] Installing D:\SeafileData\Seafile\JavaDev\JavaWebProject\sampleblog\blogmvc\blogmvc-web\target\blogmvc-web-0.0.1-SNAPSHOT-env-dev.war to C:\Users\108012516\.m2\repository\com\wheezy\blog\blogmvc-web\0.0.1-SNAPSHOT\blogmvc-web-0.0.1-SNAPSHOT.war
[INFO] Installing D:\SeafileData\Seafile\JavaDev\JavaWebProject\sampleblog\blogmvc\blogmvc-web\pom.xml to C:\Users\108012516\.m2\repository\com\wheezy\blog\blogmvc-web\0.0.1-SNAPSHOT\blogmvc-web-0.0.1-SNAPSHOT.pom
[INFO] ------------------------------------------------------------------------
[INFO] Reactor Summary:
[INFO] 
[INFO] blogmvc ............................................ SUCCESS [  0.704 s]
[INFO] blogmvc-config ..................................... SUCCESS [  8.801 s]
[INFO] blogmvc-utils ...................................... SUCCESS [  2.742 s]
[INFO] blogmvc-model ...................................... SUCCESS [  1.956 s]
[INFO] blogmvc-repository ................................. SUCCESS [  0.780 s]
[INFO] blogmvc-service .................................... SUCCESS [  1.578 s]
[INFO] blogmvc-web Maven Webapp ........................... SUCCESS [ 39.035 s]
[INFO] ------------------------------------------------------------------------
[INFO] BUILD SUCCESS
[INFO] ------------------------------------------------------------------------
[INFO] Total time: 56.064 s
[INFO] Finished at: 2017-03-08T17:13:38+01:00
[INFO] Final Memory: 23M/57M
[INFO] ------------------------------------------------------------------------
